#
# There is insufficient memory for the Java Runtime Environment to continue.
# Native memory allocation (malloc) failed to allocate 1408528 bytes for Chunk::new
# Possible reasons:
#   The system is out of physical RAM or swap space
#   In 32 bit mode, the process size limit was hit
# Possible solutions:
#   Reduce memory load on the system
#   Increase physical memory or swap space
#   Check if swap backing store is full
#   Use 64 bit Java on a 64 bit OS
#   Decrease Java heap size (-Xmx/-Xms)
#   Decrease number of Java threads
#   Decrease Java thread stack sizes (-Xss)
#   Set larger code cache with -XX:ReservedCodeCacheSize=
# This output file may be truncated or incomplete.
#
#  Out of Memory Error (allocation.cpp:390), pid=4512, tid=0x0000000000001ddc
#
# JRE version: OpenJDK Runtime Environment (8.0_76-b03) (build 1.8.0_76-release-b03)
# Java VM: OpenJDK 64-Bit Server VM (25.76-b03 mixed mode windows-amd64 compressed oops)
# Failed to write core dump. Minidumps are not enabled by default on client versions of Windows
#

---------------  T H R E A D  ---------------

Current thread (0x000000001651c000):  JavaThread "C2 CompilerThread1" daemon [_thread_in_native, id=7644, stack(0x0000000017b10000,0x0000000017c10000)]

Stack: [0x0000000017b10000,0x0000000017c10000]
[error occurred during error reporting (printing stack bounds), id 0xc0000005]

Native frames: (J=compiled Java code, j=interpreted, Vv=VM code, C=native code)


Current CompileTask:
C2:1279944 15415       4       com.android.dx.dex.file.DebugInfoEncoder::emitPositionsAtAddress (48 bytes)


---------------  P R O C E S S  ---------------

Java Threads: ( => current thread )
  0x000000001b706800 JavaThread "pool-100-thread-1" [_thread_new, id=9040, stack(0x0000000000000000,0x0000000000000000)]
  0x000000001b708000 JavaThread "pool-111-thread-1" [_thread_new, id=2868, stack(0x0000000000000000,0x0000000000000000)]
  0x000000001b705000 JavaThread "pool-110-thread-1" [_thread_new, id=9932, stack(0x0000000000000000,0x0000000000000000)]
  0x000000001b70c000 JavaThread "pool-103-thread-1" [_thread_in_Java, id=3380, stack(0x0000000024210000,0x0000000024310000)]
  0x000000001b710800 JavaThread "pool-107-thread-4" [_thread_blocked, id=7840, stack(0x00000000259c0000,0x0000000025ac0000)]
  0x000000001b712800 JavaThread "pool-107-thread-3" [_thread_in_Java, id=204, stack(0x00000000258c0000,0x00000000259c0000)]
  0x000000001b70f800 JavaThread "pool-107-thread-2" [_thread_in_Java, id=8184, stack(0x00000000257c0000,0x00000000258c0000)]
  0x000000001b70d800 JavaThread "pool-108-thread-1" [_thread_blocked, id=8700, stack(0x00000000256c0000,0x00000000257c0000)]
  0x000000001b709800 JavaThread "pool-107-thread-1" [_thread_in_vm, id=9200, stack(0x0000000024fc0000,0x00000000250c0000)]
  0x000000001c48a800 JavaThread "pool-9-thread-3" [_thread_blocked, id=10216, stack(0x0000000024110000,0x0000000024210000)]
  0x000000001c48b000 JavaThread "pool-9-thread-2" [_thread_blocked, id=10128, stack(0x0000000024010000,0x0000000024110000)]
  0x000000001c487800 JavaThread "pool-9-thread-4" [_thread_blocked, id=8372, stack(0x0000000023f10000,0x0000000024010000)]
  0x000000001c489800 JavaThread "pool-9-thread-1" [_thread_blocked, id=9508, stack(0x0000000023bc0000,0x0000000023cc0000)]
  0x000000001c489000 JavaThread "pool-3-thread-4" [_thread_blocked, id=1932, stack(0x0000000022430000,0x0000000022530000)]
  0x000000001c48c800 JavaThread "pool-3-thread-3" [_thread_blocked, id=7576, stack(0x0000000022330000,0x0000000022430000)]
  0x000000001c488000 JavaThread "pool-3-thread-2" [_thread_blocked, id=6120, stack(0x0000000020720000,0x0000000020820000)]
  0x000000001bccd800 JavaThread "pool-3-thread-1" [_thread_blocked, id=5460, stack(0x000000001ffc0000,0x00000000200c0000)]
  0x000000001bcca000 JavaThread "Stdin handler" [_thread_blocked, id=3320, stack(0x000000001a290000,0x000000001a390000)]
  0x000000001bccc000 JavaThread "Asynchronous log dispatcher for org.gradle.launcher.daemon.server.DefaultDaemonConnection@61a8181d" [_thread_blocked, id=2528, stack(0x000000001a190000,0x000000001a290000)]
  0x000000001bcca800 JavaThread "Daemon worker Thread 2" [_thread_blocked, id=6776, stack(0x000000001a090000,0x000000001a190000)]
  0x000000001bcc9000 JavaThread "Cancel handler" [_thread_blocked, id=8480, stack(0x0000000019f90000,0x000000001a090000)]
  0x000000001bccf000 JavaThread "Handler for socket connection from /127.0.0.1:54643 to /127.0.0.1:61203" [_thread_in_native, id=1004, stack(0x0000000002400000,0x0000000002500000)]
  0x000000001bccb800 JavaThread "Daemon Thread 2" [_thread_blocked, id=9708, stack(0x0000000000be0000,0x0000000000ce0000)]
  0x000000001b1b5000 JavaThread "File lock request listener" [_thread_in_native, id=8596, stack(0x000000001cb30000,0x000000001cc30000)]
  0x00000000190da800 JavaThread "pool-1-thread-1" [_thread_blocked, id=1100, stack(0x0000000019e90000,0x0000000019f90000)]
  0x000000001934b800 JavaThread "Incoming local TCP Connector on port 54643" [_thread_in_native, id=6048, stack(0x0000000019b90000,0x0000000019c90000)]
  0x0000000017c8b800 JavaThread "Service Thread" daemon [_thread_blocked, id=6872, stack(0x0000000018110000,0x0000000018210000)]
  0x0000000017c1d000 JavaThread "C1 CompilerThread2" daemon [_thread_blocked, id=996, stack(0x0000000018010000,0x0000000018110000)]
=>0x000000001651c000 JavaThread "C2 CompilerThread1" daemon [_thread_in_native, id=7644, stack(0x0000000017b10000,0x0000000017c10000)]
  0x000000001651a000 JavaThread "C2 CompilerThread0" daemon [_thread_in_native, id=188, stack(0x0000000017a10000,0x0000000017b10000)]
  0x0000000016518800 JavaThread "Attach Listener" daemon [_thread_blocked, id=8456, stack(0x0000000017910000,0x0000000017a10000)]
  0x00000000164cd800 JavaThread "Signal Dispatcher" daemon [_thread_blocked, id=8804, stack(0x0000000017810000,0x0000000017910000)]
  0x0000000002b45800 JavaThread "Finalizer" daemon [_thread_blocked, id=9864, stack(0x0000000017710000,0x0000000017810000)]
  0x0000000002b3f800 JavaThread "Reference Handler" daemon [_thread_blocked, id=5392, stack(0x0000000017610000,0x0000000017710000)]
  0x0000000002a51000 JavaThread "main" [_thread_blocked, id=1236, stack(0x0000000002950000,0x0000000002a50000)]

Other Threads:
  0x0000000016486800 VMThread [stack: 0x0000000017510000,0x0000000017610000] [id=7604]
  0x0000000017ca0800 WatcherThread [stack: 0x0000000018210000,0x0000000018310000] [id=7420]

VM state:not at safepoint (normal execution)

VM Mutex/Monitor currently owned by a thread: None

Heap:
 PSYoungGen      total 347136K, used 149301K [0x00000000e0000000, 0x00000000fb300000, 0x0000000100000000)
  eden space 280576K, 29% used [0x00000000e0000000,0x00000000e50d14c0,0x00000000f1200000)
  from space 66560K, 99% used [0x00000000f6500000,0x00000000fa5fbfb0,0x00000000fa600000)
  to   space 82432K, 0% used [0x00000000f1200000,0x00000000f1200000,0x00000000f6280000)
 ParOldGen       total 224768K, used 111714K [0x00000000a0000000, 0x00000000adb80000, 0x00000000e0000000)
  object space 224768K, 49% used [0x00000000a0000000,0x00000000a6d18898,0x00000000adb80000)
 Metaspace       used 70217K, capacity 72894K, committed 73776K, reserved 1114112K
  class space    used 8997K, capacity 9572K, committed 9776K, reserved 1048576K

Card table byte_map: [0x0000000011f10000,0x0000000012220000] byte_map_base: 0x0000000011a10000

Marking Bits: (ParMarkBitMap*) 0x000000005c409d00
 Begin Bits: [0x0000000012820000, 0x0000000014020000)
 End Bits:   [0x0000000014020000, 0x0000000015820000)

Polling page: 0x0000000002500000

CodeCache: size=245760Kb used=45285Kb max_used=45290Kb free=200474Kb
 bounds [0x0000000002b50000, 0x00000000057e0000, 0x0000000011b50000]
 total_blobs=13213 nmethods=12463 adapters=662
 compilation: enabled

Compilation events (10 events):
Event: 1279.243 Thread 0x0000000017c1d000 15471   !   2       com.android.dx.cf.direct.AnnotationParser::parseParameterAttribute (43 bytes)
Event: 1279.244 Thread 0x0000000017c1d000 nmethod 15471 0x000000000553e210 code [0x000000000553e3a0, 0x000000000553e6d8]
Event: 1279.245 Thread 0x0000000017c1d000 15472   !   2       com.android.dx.cf.attrib.BaseParameterAnnotations::<init> (48 bytes)
Event: 1279.245 Thread 0x0000000017c1d000 nmethod 15472 0x0000000004c4c250 code [0x0000000004c4c3e0, 0x0000000004c4c7c8]
Event: 1279.265 Thread 0x0000000017c1d000 15473 %     2       com.android.dx.ssa.SCCP::replaceConstants @ 2 (209 bytes)
Event: 1279.267 Thread 0x0000000017c1d000 nmethod 15473% 0x0000000004c51390 code [0x0000000004c51600, 0x0000000004c51e98]
Event: 1279.364 Thread 0x0000000017c1d000 15475 %     3       com.android.dx.dex.file.ValueEncoder::addContents @ 30 (75 bytes)
Event: 1279.366 Thread 0x0000000017c1d000 nmethod 15475% 0x0000000004c39510 code [0x0000000004c397c0, 0x0000000004c3adf8]
Event: 1279.376 Thread 0x0000000017c1d000 15476   !   2       java.util.concurrent.ArrayBlockingQueue::size (27 bytes)
Event: 1279.377 Thread 0x0000000017c1d000 nmethod 15476 0x0000000004c2a410 code [0x0000000004c2a5a0, 0x0000000004c2a7c8]

GC Heap History (10 events):
Event: 1273.370 GC heap before
{Heap before GC invocations=29 (full 3):
 PSYoungGen      total 277504K, used 277475K [0x00000000e0000000, 0x00000000fa600000, 0x0000000100000000)
  eden space 222720K, 100% used [0x00000000e0000000,0x00000000ed980000,0x00000000ed980000)
  from space 54784K, 99% used [0x00000000ed980000,0x00000000f0ef8ef8,0x00000000f0f00000)
  to   space 66560K, 0% used [0x00000000f6500000,0x00000000f6500000,0x00000000fa600000)
 ParOldGen       total 98304K, used 82903K [0x00000000a0000000, 0x00000000a6000000, 0x00000000e0000000)
  object space 98304K, 84% used [0x00000000a0000000,0x00000000a50f5c00,0x00000000a6000000)
 Metaspace       used 70833K, capacity 73538K, committed 73776K, reserved 1114112K
  class space    used 9068K, capacity 9656K, committed 9776K, reserved 1048576K
Event: 1273.527 GC heap after
Heap after GC invocations=29 (full 3):
 PSYoungGen      total 347136K, used 66532K [0x00000000e0000000, 0x00000000fb300000, 0x0000000100000000)
  eden space 280576K, 0% used [0x00000000e0000000,0x00000000e0000000,0x00000000f1200000)
  from space 66560K, 99% used [0x00000000f6500000,0x00000000fa5f92c8,0x00000000fa600000)
  to   space 82432K, 0% used [0x00000000f1200000,0x00000000f1200000,0x00000000f6280000)
 ParOldGen       total 98304K, used 95494K [0x00000000a0000000, 0x00000000a6000000, 0x00000000e0000000)
  object space 98304K, 97% used [0x00000000a0000000,0x00000000a5d41ae8,0x00000000a6000000)
 Metaspace       used 70833K, capacity 73538K, committed 73776K, reserved 1114112K
  class space    used 9068K, capacity 9656K, committed 9776K, reserved 1048576K
}
Event: 1273.527 GC heap before
{Heap before GC invocations=30 (full 4):
 PSYoungGen      total 347136K, used 66532K [0x00000000e0000000, 0x00000000fb300000, 0x0000000100000000)
  eden space 280576K, 0% used [0x00000000e0000000,0x00000000e0000000,0x00000000f1200000)
  from space 66560K, 99% used [0x00000000f6500000,0x00000000fa5f92c8,0x00000000fa600000)
  to   space 82432K, 0% used [0x00000000f1200000,0x00000000f1200000,0x00000000f6280000)
 ParOldGen       total 98304K, used 95494K [0x00000000a0000000, 0x00000000a6000000, 0x00000000e0000000)
  object space 98304K, 97% used [0x00000000a0000000,0x00000000a5d41ae8,0x00000000a6000000)
 Metaspace       used 70833K, capacity 73538K, committed 73776K, reserved 1114112K
  class space    used 9068K, capacity 9656K, committed 9776K, reserved 1048576K
Event: 1274.505 GC heap after
Heap after GC invocations=30 (full 4):
 PSYoungGen      total 347136K, used 13588K [0x00000000e0000000, 0x00000000fb300000, 0x0000000100000000)
  eden space 280576K, 0% used [0x00000000e0000000,0x00000000e0000000,0x00000000f1200000)
  from space 66560K, 20% used [0x00000000f6500000,0x00000000f7245098,0x00000000fa600000)
  to   space 82432K, 0% used [0x00000000f1200000,0x00000000f1200000,0x00000000f6280000)
 ParOldGen       total 98304K, used 97906K [0x00000000a0000000, 0x00000000a6000000, 0x00000000e0000000)
  object space 98304K, 99% used [0x00000000a0000000,0x00000000a5f9c888,0x00000000a6000000)
 Metaspace       used 70195K, capacity 72830K, committed 73776K, reserved 1114112K
  class space    used 8996K, capacity 9572K, committed 9776K, reserved 1048576K
}
Event: 1275.883 GC heap before
{Heap before GC invocations=31 (full 5):
 PSYoungGen      total 347136K, used 294164K [0x00000000e0000000, 0x00000000fb300000, 0x0000000100000000)
  eden space 280576K, 100% used [0x00000000e0000000,0x00000000f1200000,0x00000000f1200000)
  from space 66560K, 20% used [0x00000000f6500000,0x00000000f7245098,0x00000000fa600000)
  to   space 82432K, 0% used [0x00000000f1200000,0x00000000f1200000,0x00000000f6280000)
 ParOldGen       total 98304K, used 97906K [0x00000000a0000000, 0x00000000a6000000, 0x00000000e0000000)
  object space 98304K, 99% used [0x00000000a0000000,0x00000000a5f9c888,0x00000000a6000000)
 Metaspace       used 70198K, capacity 72830K, committed 73776K, reserved 1114112K
  class space    used 8996K, capacity 9572K, committed 9776K, reserved 1048576K
Event: 1276.758 GC heap after
Heap after GC invocations=31 (full 5):
 PSYoungGen      total 347136K, used 30640K [0x00000000e0000000, 0x00000000fb300000, 0x0000000100000000)
  eden space 280576K, 10% used [0x00000000e0000000,0x00000000e1dec1a8,0x00000000f1200000)
  from space 66560K, 0% used [0x00000000f6500000,0x00000000f6500000,0x00000000fa600000)
  to   space 82432K, 0% used [0x00000000f1200000,0x00000000f1200000,0x00000000f6280000)
 ParOldGen       total 224768K, used 98291K [0x00000000a0000000, 0x00000000adb80000, 0x00000000e0000000)
  object space 224768K, 43% used [0x00000000a0000000,0x00000000a5ffcfe0,0x00000000adb80000)
 Metaspace       used 70198K, capacity 72830K, committed 73776K, reserved 1114112K
  class space    used 8996K, capacity 9572K, committed 9776K, reserved 1048576K
}
Event: 1277.865 GC heap before
{Heap before GC invocations=32 (full 5):
 PSYoungGen      total 347136K, used 280576K [0x00000000e0000000, 0x00000000fb300000, 0x0000000100000000)
  eden space 280576K, 100% used [0x00000000e0000000,0x00000000f1200000,0x00000000f1200000)
  from space 66560K, 0% used [0x00000000f6500000,0x00000000f6500000,0x00000000fa600000)
  to   space 82432K, 0% used [0x00000000f1200000,0x00000000f1200000,0x00000000f6280000)
 ParOldGen       total 224768K, used 98291K [0x00000000a0000000, 0x00000000adb80000, 0x00000000e0000000)
  object space 224768K, 43% used [0x00000000a0000000,0x00000000a5ffcfe0,0x00000000adb80000)
 Metaspace       used 70206K, capacity 72830K, committed 73776K, reserved 1114112K
  class space    used 8997K, capacity 9572K, committed 9776K, reserved 1048576K
Event: 1277.972 GC heap after
Heap after GC invocations=32 (full 5):
 PSYoungGen      total 363008K, used 37770K [0x00000000e0000000, 0x00000000fb300000, 0x0000000100000000)
  eden space 280576K, 0% used [0x00000000e0000000,0x00000000e0000000,0x00000000f1200000)
  from space 82432K, 45% used [0x00000000f1200000,0x00000000f36e2858,0x00000000f6280000)
  to   space 66560K, 0% used [0x00000000f6500000,0x00000000f6500000,0x00000000fa600000)
 ParOldGen       total 224768K, used 98307K [0x00000000a0000000, 0x00000000adb80000, 0x00000000e0000000)
  object space 224768K, 43% used [0x00000000a0000000,0x00000000a6000fe0,0x00000000adb80000)
 Metaspace       used 70206K, capacity 72830K, committed 73776K, reserved 1114112K
  class space    used 8997K, capacity 9572K, committed 9776K, reserved 1048576K
}
Event: 1278.918 GC heap before
{Heap before GC invocations=33 (full 5):
 PSYoungGen      total 363008K, used 318346K [0x00000000e0000000, 0x00000000fb300000, 0x0000000100000000)
  eden space 280576K, 100% used [0x00000000e0000000,0x00000000f1200000,0x00000000f1200000)
  from space 82432K, 45% used [0x00000000f1200000,0x00000000f36e2858,0x00000000f6280000)
  to   space 66560K, 0% used [0x00000000f6500000,0x00000000f6500000,0x00000000fa600000)
 ParOldGen       total 224768K, used 98307K [0x00000000a0000000, 0x00000000adb80000, 0x00000000e0000000)
  object space 224768K, 43% used [0x00000000a0000000,0x00000000a6000fe0,0x00000000adb80000)
 Metaspace       used 70212K, capacity 72830K, committed 73776K, reserved 1114112K
  class space    used 8997K, capacity 9572K, committed 9776K, reserved 1048576K
Event: 1279.175 GC heap after
Heap after GC invocations=33 (full 5):
 PSYoungGen      total 347136K, used 66543K [0x00000000e0000000, 0x00000000fb300000, 0x0000000100000000)
  eden space 280576K, 0% used [0x00000000e0000000,0x00000000e0000000,0x00000000f1200000)
  from space 66560K, 99% used [0x00000000f6500000,0x00000000fa5fbfb0,0x00000000fa600000)
  to   space 82432K, 0% used [0x00000000f1200000,0x00000000f1200000,0x00000000f6280000)
 ParOldGen       total 224768K, used 111714K [0x00000000a0000000, 0x00000000adb80000, 0x00000000e0000000)
  object space 224768K, 49% used [0x00000000a0000000,0x00000000a6d18898,0x00000000adb80000)
 Metaspace       used 70212K, capacity 72830K, committed 73776K, reserved 1114112K
  class space    used 8997K, capacity 9572K, committed 9776K, reserved 1048576K
}

Deoptimization events (10 events):
Event: 1277.083 Thread 0x000000001b707800 Uncommon trap: reason=unstable_if action=reinterpret pc=0x0000000005039bd8 method=com.android.dx.dex.code.LocalList$MakeState.snapshot(ILcom/android/dx/rop/code/RegisterSpecSet;)V @ 86
Event: 1277.667 Thread 0x000000001b70c800 Uncommon trap: reason=bimorphic action=maybe_recompile pc=0x00000000057a2bac method=com.android.dx.cf.code.BytecodeArray.parseInstruction(ILcom/android/dx/cf/code/BytecodeArray$Visitor;)I @ 1035
Event: 1277.667 Thread 0x000000001b70c800 Uncommon trap: reason=bimorphic action=maybe_recompile pc=0x00000000057a2bac method=com.android.dx.cf.code.BytecodeArray.parseInstruction(ILcom/android/dx/cf/code/BytecodeArray$Visitor;)I @ 1035
Event: 1278.107 Thread 0x000000001b705000 Uncommon trap: reason=unstable_if action=reinterpret pc=0x00000000056b18b8 method=com.android.dx.ssa.LocalVariableExtractor.doit()Lcom/android/dx/ssa/LocalVariableInfo; @ 7
Event: 1278.107 Thread 0x000000001b705000 Uncommon trap: reason=unstable_if action=reinterpret pc=0x000000000561c844 method=com.android.dx.rop.code.RegisterSpecSet.<init>(I)V @ 2
Event: 1278.107 Thread 0x000000001b705000 Uncommon trap: reason=unstable_if action=reinterpret pc=0x0000000005320a14 method=com.android.dx.rop.code.RegisterSpecSet.<init>(I)V @ 2
Event: 1278.412 Thread 0x000000001c48a800 Uncommon trap: reason=bimorphic action=maybe_recompile pc=0x00000000057b6b08 method=com.android.dx.cf.code.BytecodeArray.parseInstruction(ILcom/android/dx/cf/code/BytecodeArray$Visitor;)I @ 1051
Event: 1278.413 Thread 0x000000001c48a800 Uncommon trap: reason=bimorphic action=maybe_recompile pc=0x00000000057b6b08 method=com.android.dx.cf.code.BytecodeArray.parseInstruction(ILcom/android/dx/cf/code/BytecodeArray$Visitor;)I @ 1051
Event: 1279.265 Thread 0x000000001b710800 Uncommon trap: reason=class_check action=maybe_recompile pc=0x00000000056ddd7c method=com.android.dx.ssa.SCCP.replaceConstants()V @ 182
Event: 1279.273 Thread 0x000000001b710800 Uncommon trap: reason=class_check action=maybe_recompile pc=0x00000000056ddd7c method=com.android.dx.ssa.SCCP.replaceConstants()V @ 182

Internal exceptions (10 events):
Event: 1253.759 Thread 0x000000001bcca800 Implicit null exception at 0x00000000047508ab to 0x000000000474f165
Event: 1253.760 Thread 0x000000001bcca800 Implicit null exception at 0x00000000047508ab to 0x000000000474f165
Event: 1253.774 Thread 0x000000001bcca800 Implicit null exception at 0x00000000047508ab to 0x000000000474f165
Event: 1259.427 Thread 0x000000001bcca800 Implicit null exception at 0x0000000004b2281e to 0x0000000004b22f15
Event: 1259.428 Thread 0x000000001bcca800 Implicit null exception at 0x0000000004b371e1 to 0x0000000004b37875
Event: 1261.122 Thread 0x000000001bcca800 Exception <a 'java/lang/NoSuchMethodError': <clinit>> (0x00000000e3f027b0) thrown at [C:\src\android\AOSP-openjdk\external\jetbrains\jdk\hotspot\src\share\vm\prims\jni.cpp, line 1591]
Event: 1262.086 Thread 0x000000001bcca800 Exception <a 'java/io/FileNotFoundException'> (0x00000000e2f96938) thrown at [C:\src\android\AOSP-openjdk\external\jetbrains\jdk\hotspot\src\share\vm\prims\jni.cpp, line 709]
Event: 1267.062 Thread 0x000000001b709000 Implicit null exception at 0x00000000050ecda1 to 0x00000000050ed8d5
Event: 1269.320 Thread 0x000000001b70f000 Implicit null exception at 0x0000000005490951 to 0x0000000005491485
Event: 1275.360 Thread 0x000000001b712800 Implicit null exception at 0x0000000004a44b84 to 0x0000000004a46d7d

Events (10 events):
Event: 1279.361 Thread 0x000000001b704800 Thread exited: 0x000000001b704800
Event: 1279.361 Thread 0x000000001b70a800 Thread exited: 0x000000001b70a800
Event: 1279.361 Thread 0x000000001b70b000 Thread exited: 0x000000001b70b000
Event: 1279.379 Thread 0x000000001b706800 Thread exited: 0x000000001b706800
Event: 1279.379 Thread 0x000000001b709000 Thread exited: 0x000000001b709000
Event: 1279.380 Thread 0x000000001b706800 Thread added: 0x000000001b706800
Event: 1279.410 Thread 0x000000001b70c000 DEOPT PACKING pc=0x00000000054d43b3 sp=0x000000002430eb80
Event: 1279.410 Thread 0x000000001b70c000 DEOPT UNPACKING pc=0x0000000002b975bf sp=0x000000002430e8f8 mode 0
Event: 1279.444 Thread 0x000000001b709800 DEOPT PACKING pc=0x0000000003885277 sp=0x00000000250beb90
Event: 1279.444 Thread 0x000000001b709800 DEOPT UNPACKING pc=0x0000000002b975bf sp=0x00000000250be900 mode 0


Dynamic libraries:
0x00007ff7e3440000 - 0x00007ff7e3471000 	C:\Program Files\Android\Android Studio\jre\bin\java.exe
0x00007ff971a40000 - 0x00007ff971c01000 	C:\Windows\SYSTEM32\ntdll.dll
0x00007ff971780000 - 0x00007ff97182d000 	C:\Windows\system32\KERNEL32.DLL
0x00007ff96e560000 - 0x00007ff96e73d000 	C:\Windows\system32\KERNELBASE.dll
0x00007ff971610000 - 0x00007ff9716b6000 	C:\Windows\system32\ADVAPI32.dll
0x00007ff96ff40000 - 0x00007ff96ffdd000 	C:\Windows\system32\msvcrt.dll
0x00007ff96ffe0000 - 0x00007ff97003b000 	C:\Windows\system32\sechost.dll
0x00007ff96f7a0000 - 0x00007ff96f8c6000 	C:\Windows\system32\RPCRT4.dll
0x00007ff96f2d0000 - 0x00007ff96f41e000 	C:\Windows\system32\USER32.dll
0x00007ff96fb20000 - 0x00007ff96fca6000 	C:\Windows\system32\GDI32.dll
0x00007ff96d020000 - 0x00007ff96d294000 	C:\Windows\WinSxS\amd64_microsoft.windows.common-controls_6595b64144ccf1df_6.0.10240.16384_none_f41f7b285750ef43\COMCTL32.dll
0x00007ff96f760000 - 0x00007ff96f796000 	C:\Windows\system32\IMM32.DLL
0x00007ff96f420000 - 0x00007ff96f57c000 	C:\Windows\system32\MSCTF.dll
0x000000005dfb0000 - 0x000000005e082000 	C:\Program Files\Android\Android Studio\jre\jre\bin\msvcr100.dll
0x000000005bc50000 - 0x000000005c484000 	C:\Program Files\Android\Android Studio\jre\jre\bin\server\jvm.dll
0x00007ff96e530000 - 0x00007ff96e553000 	C:\Windows\system32\WINMM.dll
0x00007ff96e280000 - 0x00007ff96e2ac000 	C:\Windows\system32\WINMMBASE.dll
0x00007ff96e4e0000 - 0x00007ff96e524000 	C:\Windows\system32\cfgmgr32.dll
0x00007ff96e210000 - 0x00007ff96e237000 	C:\Windows\system32\DEVOBJ.dll
0x00007ff971890000 - 0x00007ff971898000 	C:\Windows\system32\PSAPI.DLL
0x00007ff966370000 - 0x00007ff966379000 	C:\Windows\SYSTEM32\WSOCK32.dll
0x00007ff96cdf0000 - 0x00007ff96cdfa000 	C:\Windows\SYSTEM32\VERSION.dll
0x00007ff9718a0000 - 0x00007ff971909000 	C:\Windows\system32\WS2_32.dll
0x00007ff9719c0000 - 0x00007ff9719c8000 	C:\Windows\system32\NSI.dll
0x00007ff9678c0000 - 0x00007ff9678cf000 	C:\Program Files\Android\Android Studio\jre\jre\bin\verify.dll
0x00007ff9661d0000 - 0x00007ff9661f9000 	C:\Program Files\Android\Android Studio\jre\jre\bin\java.dll
0x00007ff9661b0000 - 0x00007ff9661c6000 	C:\Program Files\Android\Android Studio\jre\jre\bin\zip.dll
0x00007ff970060000 - 0x00007ff971585000 	C:\Windows\system32\SHELL32.dll
0x00007ff96e910000 - 0x00007ff96ef39000 	C:\Windows\system32\windows.storage.dll
0x00007ff96fcb0000 - 0x00007ff96ff2c000 	C:\Windows\system32\combase.dll
0x00007ff971590000 - 0x00007ff9715e1000 	C:\Windows\system32\shlwapi.dll
0x00007ff96e2b0000 - 0x00007ff96e2bf000 	C:\Windows\system32\kernel.appcore.dll
0x00007ff96e420000 - 0x00007ff96e4d3000 	C:\Windows\system32\shcore.dll
0x00007ff96e3d0000 - 0x00007ff96e41a000 	C:\Windows\system32\powrprof.dll
0x00007ff96e240000 - 0x00007ff96e253000 	C:\Windows\system32\profapi.dll
0x00007ff966190000 - 0x00007ff9661aa000 	C:\Program Files\Android\Android Studio\jre\jre\bin\net.dll
0x00007ff96da50000 - 0x00007ff96daad000 	C:\Windows\system32\mswsock.dll
0x00007ff966140000 - 0x00007ff966151000 	C:\Program Files\Android\Android Studio\jre\jre\bin\nio.dll
0x00007ff964630000 - 0x00007ff964642000 	C:\Users\Administrator.PC-201611171353\.gradle\native\19\windows-amd64\native-platform.dll
0x00007ff96dab0000 - 0x00007ff96dac7000 	C:\Windows\SYSTEM32\CRYPTSP.dll
0x00007ff96e140000 - 0x00007ff96e168000 	C:\Windows\SYSTEM32\bcrypt.dll
0x00007ff96d6a0000 - 0x00007ff96d6d3000 	C:\Windows\system32\rsaenh.dll
0x00007ff96d8e0000 - 0x00007ff96d8ff000 	C:\Windows\SYSTEM32\USERENV.dll
0x00007ff96e010000 - 0x00007ff96e07b000 	C:\Windows\system32\bcryptprimitives.dll
0x00007ff96dc20000 - 0x00007ff96dc2b000 	C:\Windows\SYSTEM32\CRYPTBASE.dll
0x00007ff969780000 - 0x00007ff9697b8000 	C:\Windows\SYSTEM32\IPHLPAPI.DLL
0x00007ff9695b0000 - 0x00007ff9695bb000 	C:\Windows\SYSTEM32\WINNSI.DLL
0x00007ff9682e0000 - 0x00007ff9682f6000 	C:\Windows\SYSTEM32\dhcpcsvc6.DLL
0x00007ff9682c0000 - 0x00007ff9682da000 	C:\Windows\SYSTEM32\dhcpcsvc.DLL
0x00007ff967890000 - 0x00007ff96789d000 	C:\Program Files\Android\Android Studio\jre\jre\bin\management.dll

VM Arguments:
jvm_args: -Xmx1536m -Dfile.encoding=GBK -Duser.country=CN -Duser.language=zh -Duser.variant 
java_command: org.gradle.launcher.daemon.bootstrap.GradleDaemon 2.14.1
java_class_path (initial): C:\Program Files\Android\Android Studio\gradle\gradle-2.14.1\lib\gradle-launcher-2.14.1.jar
Launcher Type: SUN_STANDARD

Environment Variables:
JAVA_HOME=D:\devsoft\java
PATH=C:\Python27\;C:\Python27\Scripts;C:\Windows\system32;C:\Windows;C:\Windows\System32\Wbem;C:\Windows\System32\WindowsPowerShell\v1.0\;C:\Program Files\Lenovo\Bluetooth Software\;C:\Program Files\Lenovo\Bluetooth Software\syswow64;D:\devsoft\java\bin;C:\ProgramData\chocolatey\bin;D:\devsoft\svn\bin;C:\Program Files\nodejs\;D:\devsoft\android\sdk\tools;D:\devsoft\android\sdk\platform-tools;C:\Program Files\Git\cmd;D:\wamp64\bin\php\php5.6.25;C:\Users\Administrator.PC-201611171353\.dnx\bin;C:\Program Files\Microsoft DNX\Dnvm\;C:\Program Files (x86)\Windows Kits\8.1\Windows Performance Toolkit\;C:\Program Files\Microsoft SQL Server\130\Tools\Binn\;;C:\Users\Administrator.PC-201611171353\AppData\Local\Android\android-sdk\tools;C:\Users\Administrator.PC-201611171353\AppData\Local\Android\android-sdk\platform-tools;C:\Users\Administrator.PC-201611171353\AppData\Roaming\npm
USERNAME=Administrator
OS=Windows_NT
PROCESSOR_IDENTIFIER=Intel64 Family 6 Model 58 Stepping 9, GenuineIntel



---------------  S Y S T E M  ---------------

OS: Windows 10.0 , 64 bit Build 10240 (10.0.10240.16384)

CPU:total 4 (2 cores per cpu, 2 threads per core) family 6 model 58 stepping 9, cmov, cx8, fxsr, mmx, sse, sse2, sse3, ssse3, sse4.1, sse4.2, popcnt, avx, aes, clmul, erms, ht, tsc, tscinvbit, tscinv

Memory: 4k page, physical 8078228k(335536k free), swap 10175380k(10012k free)

vm_info: OpenJDK 64-Bit Server VM (25.76-b03) for windows-amd64 JRE (1.8.0_76-release-b03), built on Jun 29 2016 19:09:20 by "ralucas" with MS VC++ 10.0 (VS2010)

time: Sat Dec 10 15:55:39 2016
elapsed time: 1279 seconds (0d 0h 21m 19s)

